<?xml version="1.0" encoding="UTF-8"?>
<testng-results skipped="0" failed="1" ignored="3" total="7" passed="3">
  <reporter-output>
  </reporter-output>
  <suite name="Xero application Test Automation Test Suite" duration-ms="44285" started-at="2020-04-05T15:24:52 PDT" finished-at="2020-04-05T15:25:37 PDT">
    <groups>
    </groups>
    <test name="Xero application test cases" duration-ms="44285" started-at="2020-04-05T15:24:52 PDT" finished-at="2020-04-05T15:25:37 PDT">
      <class name="com.xero.TestCases.TestXeroLogin">
        <test-method status="PASS" signature="newTest()[pri:0, instance:com.xero.TestCases.TestXeroLogin@702657cc]" name="newTest" is-config="true" duration-ms="0" started-at="2020-04-05T15:25:25 PDT" finished-at="2020-04-05T15:25:25 PDT">
          <reporter-output>
          </reporter-output>
        </test-method> <!-- newTest -->
        <test-method status="PASS" signature="setup()[pri:0, instance:com.xero.TestCases.TestXeroLogin@702657cc]" name="setup" is-config="true" duration-ms="8746" started-at="2020-04-05T15:25:25 PDT" finished-at="2020-04-05T15:25:34 PDT">
          <reporter-output>
          </reporter-output>
        </test-method> <!-- setup -->
        <test-method status="FAIL" signature="TC_verifyLoginPageWelcomeMessageTest()[pri:0, instance:com.xero.TestCases.TestXeroLogin@702657cc]" name="TC_verifyLoginPageWelcomeMessageTest" duration-ms="94" started-at="2020-04-05T15:25:34 PDT" description="this tests verifies the welcome message" finished-at="2020-04-05T15:25:34 PDT">
          <exception class="java.lang.AssertionError">
            <message>
              <![CDATA[expected [Welcome to zero] but found [Welcome to Xero]]]>
            </message>
            <full-stacktrace>
              <![CDATA[java.lang.AssertionError: expected [Welcome to zero] but found [Welcome to Xero]
at org.testng.Assert.fail(Assert.java:97)
at org.testng.Assert.assertEqualsImpl(Assert.java:136)
at org.testng.Assert.assertEquals(Assert.java:118)
at org.testng.Assert.assertEquals(Assert.java:575)
at org.testng.Assert.assertEquals(Assert.java:585)
at com.xero.TestCases.TestXeroLogin.TC_verifyLoginPageWelcomeMessageTest(TestXeroLogin.java:54)
at sun.reflect.NativeMethodAccessorImpl.invoke0(Native Method)
at sun.reflect.NativeMethodAccessorImpl.invoke(NativeMethodAccessorImpl.java:62)
at sun.reflect.DelegatingMethodAccessorImpl.invoke(DelegatingMethodAccessorImpl.java:43)
at java.lang.reflect.Method.invoke(Method.java:498)
at org.testng.internal.MethodInvocationHelper.invokeMethod(MethodInvocationHelper.java:133)
at org.testng.internal.TestInvoker.invokeMethod(TestInvoker.java:584)
at org.testng.internal.TestInvoker.invokeTestMethod(TestInvoker.java:172)
at org.testng.internal.MethodRunner.runInSequence(MethodRunner.java:46)
at org.testng.internal.TestInvoker$MethodInvocationAgent.invoke(TestInvoker.java:804)
at org.testng.internal.TestInvoker.invokeTestMethods(TestInvoker.java:145)
at org.testng.internal.TestMethodWorker.invokeTestMethods(TestMethodWorker.java:146)
at org.testng.internal.TestMethodWorker.run(TestMethodWorker.java:128)
at java.util.ArrayList.forEach(ArrayList.java:1257)
at org.testng.TestRunner.privateRun(TestRunner.java:770)
at org.testng.TestRunner.run(TestRunner.java:591)
at org.testng.SuiteRunner.runTest(SuiteRunner.java:402)
at org.testng.SuiteRunner.access$000(SuiteRunner.java:41)
at org.testng.SuiteRunner$SuiteWorker.run(SuiteRunner.java:443)
at org.testng.internal.thread.ThreadUtil.lambda$execute$0(ThreadUtil.java:67)
at java.util.concurrent.FutureTask.run(FutureTask.java:266)
at java.util.concurrent.ThreadPoolExecutor.runWorker(ThreadPoolExecutor.java:1149)
at java.util.concurrent.ThreadPoolExecutor$Worker.run(ThreadPoolExecutor.java:624)
at java.lang.Thread.run(Thread.java:748)
]]>
            </full-stacktrace>
          </exception> <!-- java.lang.AssertionError -->
          <reporter-output>
          </reporter-output>
        </test-method> <!-- TC_verifyLoginPageWelcomeMessageTest -->
        <test-method status="PASS" signature="getScreenshot(org.testng.ITestResult)[pri:0, instance:com.xero.TestCases.TestXeroLogin@702657cc]" name="getScreenshot" is-config="true" duration-ms="2195" started-at="2020-04-05T15:25:34 PDT" finished-at="2020-04-05T15:25:36 PDT">
          <params>
            <param index="0">
              <value>
                <![CDATA[[TestResult name=TC_verifyLoginPageWelcomeMessageTest status=FAILURE method=TestXeroLogin.TC_verifyLoginPageWelcomeMessageTest()[pri:0, instance:com.xero.TestCases.TestXeroLogin@702657cc] output={null}]]]>
              </value>
            </param>
          </params>
          <reporter-output>
          </reporter-output>
        </test-method> <!-- getScreenshot -->
        <test-method status="PASS" signature="tearDown()[pri:0, instance:com.xero.TestCases.TestXeroLogin@702657cc]" name="tearDown" is-config="true" duration-ms="779" started-at="2020-04-05T15:25:36 PDT" finished-at="2020-04-05T15:25:37 PDT">
          <reporter-output>
          </reporter-output>
        </test-method> <!-- tearDown -->
      </class> <!-- com.xero.TestCases.TestXeroLogin -->
      <class name="com.xero.TestCases.TestXeroHomePage2">
        <test-method status="PASS" signature="createReport()[pri:0, instance:com.xero.TestCases.TestXeroHomePage2@43bc63a3]" name="createReport" is-config="true" duration-ms="184" started-at="2020-04-05T15:24:52 PDT" finished-at="2020-04-05T15:24:52 PDT">
          <reporter-output>
          </reporter-output>
        </test-method> <!-- createReport -->
        <test-method status="PASS" signature="newTest()[pri:0, instance:com.xero.TestCases.TestXeroHomePage2@43bc63a3]" name="newTest" is-config="true" duration-ms="5" started-at="2020-04-05T15:24:52 PDT" finished-at="2020-04-05T15:24:52 PDT">
          <reporter-output>
          </reporter-output>
        </test-method> <!-- newTest -->
        <test-method status="PASS" signature="setup()[pri:0, instance:com.xero.TestCases.TestXeroHomePage2@43bc63a3]" name="setup" is-config="true" duration-ms="8188" started-at="2020-04-05T15:24:52 PDT" finished-at="2020-04-05T15:25:01 PDT">
          <reporter-output>
          </reporter-output>
        </test-method> <!-- setup -->
        <test-method status="PASS" signature="TC_verifyHomePageNextLandingTest()[pri:0, instance:com.xero.TestCases.TestXeroHomePage2@43bc63a3]" name="TC_verifyHomePageNextLandingTest" duration-ms="2977" started-at="2020-04-05T15:25:01 PDT" description="this test is going to check if the login btn lands on the login page" finished-at="2020-04-05T15:25:04 PDT">
          <reporter-output>
          </reporter-output>
        </test-method> <!-- TC_verifyHomePageNextLandingTest -->
        <test-method status="PASS" signature="tearDown()[pri:0, instance:com.xero.TestCases.TestXeroHomePage2@43bc63a3]" name="tearDown" is-config="true" duration-ms="2097" started-at="2020-04-05T15:25:04 PDT" finished-at="2020-04-05T15:25:06 PDT">
          <reporter-output>
          </reporter-output>
        </test-method> <!-- tearDown -->
        <test-method status="PASS" signature="setup()[pri:0, instance:com.xero.TestCases.TestXeroHomePage2@43bc63a3]" name="setup" is-config="true" duration-ms="8644" started-at="2020-04-05T15:25:06 PDT" finished-at="2020-04-05T15:25:14 PDT">
          <reporter-output>
          </reporter-output>
        </test-method> <!-- setup -->
        <test-method status="PASS" signature="TC_verifyHomePageTitleTest(java.lang.reflect.Method)[pri:0, instance:com.xero.TestCases.TestXeroHomePage2@43bc63a3]" name="TC_verifyHomePageTitleTest" duration-ms="53" started-at="2020-04-05T15:25:14 PDT" description="this test verifies that the main page has been loaded" finished-at="2020-04-05T15:25:14 PDT">
          <params>
            <param index="0">
              <value>
                <![CDATA[public void com.xero.TestCases.TestXeroHomePage2.TC_verifyHomePageTitleTest(java.lang.reflect.Method)]]>
              </value>
            </param>
          </params>
          <reporter-output>
          </reporter-output>
        </test-method> <!-- TC_verifyHomePageTitleTest -->
        <test-method status="PASS" signature="tearDown()[pri:0, instance:com.xero.TestCases.TestXeroHomePage2@43bc63a3]" name="tearDown" is-config="true" duration-ms="1076" started-at="2020-04-05T15:25:14 PDT" finished-at="2020-04-05T15:25:16 PDT">
          <reporter-output>
          </reporter-output>
        </test-method> <!-- tearDown -->
        <test-method status="PASS" signature="setup()[pri:0, instance:com.xero.TestCases.TestXeroHomePage2@43bc63a3]" name="setup" is-config="true" duration-ms="7165" started-at="2020-04-05T15:25:16 PDT" finished-at="2020-04-05T15:25:23 PDT">
          <reporter-output>
          </reporter-output>
        </test-method> <!-- setup -->
        <test-method status="PASS" signature="TC_verifyHomePageXeroImgTest()[pri:0, instance:com.xero.TestCases.TestXeroHomePage2@43bc63a3]" name="TC_verifyHomePageXeroImgTest" duration-ms="1162" started-at="2020-04-05T15:25:23 PDT" description="this test is going to verify the logo on the main page" finished-at="2020-04-05T15:25:24 PDT">
          <reporter-output>
          </reporter-output>
        </test-method> <!-- TC_verifyHomePageXeroImgTest -->
        <test-method status="PASS" signature="tearDown()[pri:0, instance:com.xero.TestCases.TestXeroHomePage2@43bc63a3]" name="tearDown" is-config="true" duration-ms="1047" started-at="2020-04-05T15:25:24 PDT" finished-at="2020-04-05T15:25:25 PDT">
          <reporter-output>
          </reporter-output>
        </test-method> <!-- tearDown -->
      </class> <!-- com.xero.TestCases.TestXeroHomePage2 -->
    </test> <!-- Xero application test cases -->
  </suite> <!-- Xero application Test Automation Test Suite -->
</testng-results>
